#-----------------------------------------------------------
# Vivado v2019.2 (64-bit)
# SW Build 2708876 on Wed Nov  6 21:40:23 MST 2019
# IP Build 2700528 on Thu Nov  7 00:09:20 MST 2019
# Start of session at: Tue Feb 11 16:33:22 2020
# Process ID: 3476
# Current directory: D:/Onedrive/OneDrive - Politecnico di Milano/Personale/progetto_reti
# Command line: vivado.exe -gui_launcher_event rodinguilauncherevent14164 D:\Onedrive\OneDrive - Politecnico di Milano\Personale\progetto_reti\progetto_reti.xpr
# Log file: D:/Onedrive/OneDrive - Politecnico di Milano/Personale/progetto_reti/vivado.log
# Journal file: D:/Onedrive/OneDrive - Politecnico di Milano/Personale/progetto_reti\vivado.jou
#-----------------------------------------------------------
start_gui
open_project {D:/Onedrive/OneDrive - Politecnico di Milano/Personale/progetto_reti/progetto_reti.xpr}
Scanning sources...
Finished scanning sources
INFO: [IP_Flow 19-234] Refreshing IP repositories
INFO: [IP_Flow 19-1704] No user IP repositories specified
INFO: [IP_Flow 19-2313] Loaded Vivado IP repository 'D:/Programmi/Xilinx/Vivado/2019.2/data/ip'.
file mkdir D:/Onedrive/OneDrive - Politecnico di Milano/Personale/progetto_reti/progetto_reti.srcs/sources_1/new
file mkdir D:/Onedrive/OneDrive - Politecnico di Milano/Personale/progetto_reti/progetto_reti.srcs/sources_1/new
file mkdir D:/Onedrive/OneDrive - Politecnico di Milano/Personale/progetto_reti/progetto_reti.srcs/sources_1/new
file mkdir D:/Onedrive/OneDrive - Politecnico di Milano/Personale/progetto_reti/progetto_reti.srcs/sources_1/new
file mkdir D:/Onedrive/OneDrive - Politecnico di Milano/Personale/progetto_reti/progetto_reti.srcs/sources_1/new
file mkdir D:/Onedrive/OneDrive - Politecnico di Milano/Personale/progetto_reti/progetto_reti.srcs/sources_1/new
file mkdir D:/Onedrive/OneDrive - Politecnico di Milano/Personale/progetto_reti/progetto_reti.srcs/sources_1/new
file mkdir D:/Onedrive/OneDrive - Politecnico di Milano/Personale/progetto_reti/progetto_reti.srcs/sources_1/new
file mkdir {D:/Onedrive/OneDrive - Politecnico di Milano/Personale/progetto_reti/progetto_reti.srcs/sources_1/new}
close [ open {D:/Onedrive/OneDrive - Politecnico di Milano/Personale/progetto_reti/progetto_reti.srcs/sources_1/new/main.vhd} w ]
add_files {{D:/Onedrive/OneDrive - Politecnico di Milano/Personale/progetto_reti/progetto_reti.srcs/sources_1/new/main.vhd}}
update_compile_order -fileset sources_1
exit
INFO: [Common 17-206] Exiting Vivado at Tue Feb 11 16:47:58 2020...
